<?xml version="1.0" encoding="UTF-8"?>
<testsuite name="com.cg.userregistration.UserRegistrationTest" tests="5" skipped="0" failures="0" errors="0" timestamp="2020-10-11T15:58:17" hostname="DESKTOP-UDL4V0I" time="0.009">
  <properties/>
  <testcase name="passwordVaidation" classname="com.cg.userregistration.UserRegistrationTest" time="0.004"/>
  <testcase name="lastNameVaidation" classname="com.cg.userregistration.UserRegistrationTest" time="0.001"/>
  <testcase name="emailVaidation" classname="com.cg.userregistration.UserRegistrationTest" time="0.001"/>
  <testcase name="mobileVaidation" classname="com.cg.userregistration.UserRegistrationTest" time="0.0"/>
  <testcase name="firstNameVaidation" classname="com.cg.userregistration.UserRegistrationTest" time="0.0"/>
  <system-out><![CDATA[]]></system-out>
  <system-err><![CDATA[]]></system-err>
</testsuite>
