<?xml version="1.0" encoding="UTF-8"?>
<testsuite name="com.cg.userregistration.UserRegistrationTest" tests="6" skipped="0" failures="0" errors="0" timestamp="2020-10-09T11:31:03" hostname="DESKTOP-UDL4V0I" time="0.006">
  <properties/>
  <testcase name="should_returnSad" classname="com.cg.userregistration.UserRegistrationTest" time="0.002"/>
  <testcase name="passwordValidation" classname="com.cg.userregistration.UserRegistrationTest" time="0.001"/>
  <testcase name="mobileValidation" classname="com.cg.userregistration.UserRegistrationTest" time="0.0"/>
  <testcase name="firstNameValidation" classname="com.cg.userregistration.UserRegistrationTest" time="0.0"/>
  <testcase name="lastNameValidation" classname="com.cg.userregistration.UserRegistrationTest" time="0.0"/>
  <testcase name="emailValidation" classname="com.cg.userregistration.UserRegistrationTest" time="0.0"/>
  <system-out><![CDATA[]]></system-out>
  <system-err><![CDATA[]]></system-err>
</testsuite>
